have_library: checking for main() in -lc... -------------------- no

PATH=".;C:/Ruby32-x64/lib;C:\Ruby32-x64\bin;C:\Ruby32-x64\msys64\ucrt64\bin;C:\Ruby32-x64\msys64\usr\bin;C:\Ruby32-x64\bin;C:\Python27;C:\Users\Meg\AppData\Local\Programs\Python\Python38-32;C:\MinGW;C:\Program Files\Microsoft SQL Server\130\Tools\Binn\;C:\Users\Meg\AppData\Roaming\Python\Scripts;C:\Python38;C:\Users\Meg\AppData\Local\Programs\Python\Python38-32\Scripts;C:\Python37-32;C:\Users\Meg\AppData\Roaming\Microsoft\Windows\Start Menu\Programs\Python 3.8;C:\Program Files (x86)\Microsoft Visual Studio\2019\Community\VC\Tools\MSVC\14.26.28801\bin\Hostx86\x86;C:\Users\Meg\AppData\Local\Programs\Microsoft VS Code\bin;C:\Program Files (x86)\Windows_Kits\10\Lib\10.0.18362.0\ucrt\x86;C:\Python37-32\Scripts;C:\Program Files (x86)\Microsoft Visual Studio\2019\Community\VC\Tools\MSVC\14.26.28801\lib\onecore\x64;C:\Windows\SysWOW64;C:\Program Files\PuTTY\;C:\WINDOWS\system32;C:\WINDOWS;C:\WINDOWS\System32\Wbem;C:\WINDOWS\System32\WindowsPowerShell\v1.0\;C:\WINDOWS\System32\OpenSSH\;C:\Program Files (x86)\Graphviz\bin;C:\php;C:\Program Files\Git\cmd;C:\Program Files (x86)\Brackets\command;C:\wamp;C:\Program Files\nodejs\;C:\Windows\System32\WindowsPowerShell\v1.0;C:\Program Files\MATLAB\R2023a\bin;C:\Users\Meg\AppData\Local\Microsoft\WindowsApps;C:\Users\Meg\AppData\Roaming\npm;C:\Users\Meg\AppData\Local\Programs\MiKTeX\miktex\bin\x64\;C:\Users\Meg\AppData\Local\Programs\MiKTeX\miktex\config;C:\Users\Meg\AppData\Local\Box\Box Edit\" "gcc -o conftest.exe -IC:/Ruby32-x64/include/ruby-3.2.0/x64-mingw-ucrt -IC:/Ruby32-x64/include/ruby-3.2.0/ruby/backward -IC:/Ruby32-x64/include/ruby-3.2.0 -I. -D__USE_MINGW_ANSI_STDIO=1 -DFD_SETSIZE=2048 -D_WIN32_WINNT=0x0600 -D__MINGW_USE_VC2005_COMPAT -D_FILE_OFFSET_BITS=64  -O3 -fno-fast-math -fstack-protector-strong conftest.c  -L. -LC:/Ruby32-x64/lib -L. -pipe -s -fstack-protector-strong -Wl,--no-as-needed  -m64   -lx64-ucrt-ruby320  -lshell32 -lws2_32 -liphlpapi -limagehlp -lshlwapi -lbcrypt  "
checked program was:
/* begin */
1: #include "ruby.h"
2: 
3: #include <winsock2.h>
4: #include <windows.h>
5: int main(int argc, char **argv)
6: {
7:   return !!argv[argc];
8: }
/* end */

PATH=".;C:/Ruby32-x64/lib;C:\Ruby32-x64\bin;C:\Ruby32-x64\msys64\ucrt64\bin;C:\Ruby32-x64\msys64\usr\bin;C:\Ruby32-x64\bin;C:\Python27;C:\Users\Meg\AppData\Local\Programs\Python\Python38-32;C:\MinGW;C:\Program Files\Microsoft SQL Server\130\Tools\Binn\;C:\Users\Meg\AppData\Roaming\Python\Scripts;C:\Python38;C:\Users\Meg\AppData\Local\Programs\Python\Python38-32\Scripts;C:\Python37-32;C:\Users\Meg\AppData\Roaming\Microsoft\Windows\Start Menu\Programs\Python 3.8;C:\Program Files (x86)\Microsoft Visual Studio\2019\Community\VC\Tools\MSVC\14.26.28801\bin\Hostx86\x86;C:\Users\Meg\AppData\Local\Programs\Microsoft VS Code\bin;C:\Program Files (x86)\Windows_Kits\10\Lib\10.0.18362.0\ucrt\x86;C:\Python37-32\Scripts;C:\Program Files (x86)\Microsoft Visual Studio\2019\Community\VC\Tools\MSVC\14.26.28801\lib\onecore\x64;C:\Windows\SysWOW64;C:\Program Files\PuTTY\;C:\WINDOWS\system32;C:\WINDOWS;C:\WINDOWS\System32\Wbem;C:\WINDOWS\System32\WindowsPowerShell\v1.0\;C:\WINDOWS\System32\OpenSSH\;C:\Program Files (x86)\Graphviz\bin;C:\php;C:\Program Files\Git\cmd;C:\Program Files (x86)\Brackets\command;C:\wamp;C:\Program Files\nodejs\;C:\Windows\System32\WindowsPowerShell\v1.0;C:\Program Files\MATLAB\R2023a\bin;C:\Users\Meg\AppData\Local\Microsoft\WindowsApps;C:\Users\Meg\AppData\Roaming\npm;C:\Users\Meg\AppData\Local\Programs\MiKTeX\miktex\bin\x64\;C:\Users\Meg\AppData\Local\Programs\MiKTeX\miktex\config;C:\Users\Meg\AppData\Local\Box\Box Edit\" "gcc -o conftest.exe -IC:/Ruby32-x64/include/ruby-3.2.0/x64-mingw-ucrt -IC:/Ruby32-x64/include/ruby-3.2.0/ruby/backward -IC:/Ruby32-x64/include/ruby-3.2.0 -I. -D__USE_MINGW_ANSI_STDIO=1 -DFD_SETSIZE=2048 -D_WIN32_WINNT=0x0600 -D__MINGW_USE_VC2005_COMPAT -D_FILE_OFFSET_BITS=64  -O3 -fno-fast-math -fstack-protector-strong conftest.c  -L. -LC:/Ruby32-x64/lib -L. -pipe -s -fstack-protector-strong -Wl,--no-as-needed  -m64   -lx64-ucrt-ruby320 -lc  -lshell32 -lws2_32 -liphlpapi -limagehlp -lshlwapi -lbcrypt  "
C:/Ruby32-x64/msys64/ucrt64/bin/../lib/gcc/x86_64-w64-mingw32/12.2.0/../../../../x86_64-w64-mingw32/bin/ld.exe: cannot find -lc: No such file or directory
collect2.exe: error: ld returned 1 exit status
checked program was:
/* begin */
 1: #include "ruby.h"
 2: 
 3: #include <winsock2.h>
 4: #include <windows.h>
 5: 
 6: /*top*/
 7: extern int t(void);
 8: int main(int argc, char **argv)
 9: {
10:   if (argc > 1000000) {
11:     int (* volatile tp)(void)=(int (*)(void))&t;
12:     printf("%d", (*tp)());
13:   }
14: 
15:   return !!argv[argc];
16: }
17: int t(void) { void ((*volatile p)()); p = (void ((*)()))main; return !p; }
/* end */

PATH=".;C:/Ruby32-x64/lib;C:\Ruby32-x64\bin;C:\Ruby32-x64\msys64\ucrt64\bin;C:\Ruby32-x64\msys64\usr\bin;C:\Ruby32-x64\bin;C:\Python27;C:\Users\Meg\AppData\Local\Programs\Python\Python38-32;C:\MinGW;C:\Program Files\Microsoft SQL Server\130\Tools\Binn\;C:\Users\Meg\AppData\Roaming\Python\Scripts;C:\Python38;C:\Users\Meg\AppData\Local\Programs\Python\Python38-32\Scripts;C:\Python37-32;C:\Users\Meg\AppData\Roaming\Microsoft\Windows\Start Menu\Programs\Python 3.8;C:\Program Files (x86)\Microsoft Visual Studio\2019\Community\VC\Tools\MSVC\14.26.28801\bin\Hostx86\x86;C:\Users\Meg\AppData\Local\Programs\Microsoft VS Code\bin;C:\Program Files (x86)\Windows_Kits\10\Lib\10.0.18362.0\ucrt\x86;C:\Python37-32\Scripts;C:\Program Files (x86)\Microsoft Visual Studio\2019\Community\VC\Tools\MSVC\14.26.28801\lib\onecore\x64;C:\Windows\SysWOW64;C:\Program Files\PuTTY\;C:\WINDOWS\system32;C:\WINDOWS;C:\WINDOWS\System32\Wbem;C:\WINDOWS\System32\WindowsPowerShell\v1.0\;C:\WINDOWS\System32\OpenSSH\;C:\Program Files (x86)\Graphviz\bin;C:\php;C:\Program Files\Git\cmd;C:\Program Files (x86)\Brackets\command;C:\wamp;C:\Program Files\nodejs\;C:\Windows\System32\WindowsPowerShell\v1.0;C:\Program Files\MATLAB\R2023a\bin;C:\Users\Meg\AppData\Local\Microsoft\WindowsApps;C:\Users\Meg\AppData\Roaming\npm;C:\Users\Meg\AppData\Local\Programs\MiKTeX\miktex\bin\x64\;C:\Users\Meg\AppData\Local\Programs\MiKTeX\miktex\config;C:\Users\Meg\AppData\Local\Box\Box Edit\" "gcc -o conftest.exe -IC:/Ruby32-x64/include/ruby-3.2.0/x64-mingw-ucrt -IC:/Ruby32-x64/include/ruby-3.2.0/ruby/backward -IC:/Ruby32-x64/include/ruby-3.2.0 -I. -D__USE_MINGW_ANSI_STDIO=1 -DFD_SETSIZE=2048 -D_WIN32_WINNT=0x0600 -D__MINGW_USE_VC2005_COMPAT -D_FILE_OFFSET_BITS=64  -O3 -fno-fast-math -fstack-protector-strong conftest.c  -L. -LC:/Ruby32-x64/lib -L. -pipe -s -fstack-protector-strong -Wl,--no-as-needed  -m64   -lx64-ucrt-ruby320 -lc  -lshell32 -lws2_32 -liphlpapi -limagehlp -lshlwapi -lbcrypt  "
conftest.c:17:13: error: conflicting types for 'main'; have 'void()'
   17 | extern void main();
      |             ^~~~
conftest.c:8:5: note: previous definition of 'main' with type 'int(int,  char **)'
    8 | int main(int argc, char **argv)
      |     ^~~~
checked program was:
/* begin */
 1: #include "ruby.h"
 2: 
 3: #include <winsock2.h>
 4: #include <windows.h>
 5: 
 6: /*top*/
 7: extern int t(void);
 8: int main(int argc, char **argv)
 9: {
10:   if (argc > 1000000) {
11:     int (* volatile tp)(void)=(int (*)(void))&t;
12:     printf("%d", (*tp)());
13:   }
14: 
15:   return !!argv[argc];
16: }
17: extern void main();
18: int t(void) { main(); return 0; }
/* end */

--------------------

